<?xml version="1.0" encoding="UTF-8"?>
<!-- Generated by org.testng.reporters.JUnitReportReporter -->
<testsuite hostname="DESKTOP-5QDQ0PH" failures="0" tests="1" name="TestNG" time="0.016" errors="0" timestamp="2023-12-17T22:16:20 IST" skipped="0">
  <testcase classname="TestNG" name="Demo" time="0.016"/>
</testsuite> <!-- TestNG -->
